<?xml version="1.0" encoding="UTF-8"?>
<!-- Generated by org.testng.reporters.JUnitReportReporter -->
<testsuite hostname="DESKTOP-28CLGRH" failures="0" tests="1" name="Littleguest.test.MapPage_test" time="11.253" errors="0" timestamp="2023-07-27T14:27:13 IST" skipped="0">
  <testcase classname="Littleguest.test.MapPage_test" name="verifyInvalidDatesInArrivalandDepartureFieldFunctionalityOnMapPage" time="11.253"/>
  <system-out/>
</testsuite> <!-- Littleguest.test.MapPage_test -->
